\BOOKMARK [0][-]{chapter.1}{Introduction}{}% 1
\BOOKMARK [1][-]{section.1.1}{Application overview}{chapter.1}% 2
\BOOKMARK [2][-]{subsection.1.1.1}{Application portability}{section.1.1}% 3
\BOOKMARK [2][-]{subsection.1.1.2}{Solving the scheduling problem}{section.1.1}% 4
\BOOKMARK [1][-]{section.1.2}{Success criteria}{chapter.1}% 5
\BOOKMARK [1][-]{section.1.3}{Report Structure}{chapter.1}% 6
\BOOKMARK [0][-]{chapter.2}{Background}{}% 7
\BOOKMARK [1][-]{section.2.1}{Existing revision scheduling applications}{chapter.2}% 8
\BOOKMARK [2][-]{subsection.2.1.1}{ExamTime}{section.2.1}% 9
\BOOKMARK [2][-]{subsection.2.1.2}{Get Revising}{section.2.1}% 10
\BOOKMARK [2][-]{subsection.2.1.3}{S-cool}{section.2.1}% 11
\BOOKMARK [2][-]{subsection.2.1.4}{SQA "My Study Plan" and "My Exams" for iPhone}{section.2.1}% 12
\BOOKMARK [2][-]{subsection.2.1.5}{Existing revision scheduling applications - results}{section.2.1}% 13
\BOOKMARK [1][-]{section.2.2}{General scheduling and planning applications}{chapter.2}% 14
\BOOKMARK [0][-]{chapter.3}{Scheduling Algorithm Design}{}% 15
\BOOKMARK [1][-]{section.3.1}{Discussion of scheduling methods}{chapter.3}% 16
\BOOKMARK [2][-]{subsection.3.1.1}{Critical Path Method}{section.3.1}% 17
\BOOKMARK [2][-]{subsection.3.1.2}{Program Evaluation and Review Technique}{section.3.1}% 18
\BOOKMARK [2][-]{subsection.3.1.3}{Constraint satisfaction}{section.3.1}% 19
\BOOKMARK [1][-]{section.3.2}{SmartRevise algorithm}{chapter.3}% 20
\BOOKMARK [0][-]{chapter.4}{Architecture and Implementation}{}% 21
\BOOKMARK [1][-]{section.4.1}{Project architecture}{chapter.4}% 22
\BOOKMARK [1][-]{section.4.2}{Client-side application}{chapter.4}% 23
\BOOKMARK [1][-]{section.4.3}{Server and REST API}{chapter.4}% 24
\BOOKMARK [1][-]{section.4.4}{Security}{chapter.4}% 25
\BOOKMARK [1][-]{section.4.5}{Additional tools}{chapter.4}% 26
\BOOKMARK [2][-]{subsection.4.5.1}{Grunt}{section.4.5}% 27
\BOOKMARK [2][-]{subsection.4.5.2}{Bower}{section.4.5}% 28
\BOOKMARK [0][-]{chapter.5}{Evaluation}{}% 29
\BOOKMARK [1][-]{section.5.1}{Unit testing of algorithm}{chapter.5}% 30
\BOOKMARK [2][-]{subsection.5.1.1}{Revision for a given subject should only occur prior to the examination}{section.5.1}% 31
\BOOKMARK [2][-]{subsection.5.1.2}{Events in the schedule should not overlap}{section.5.1}% 32
\BOOKMARK [2][-]{subsection.5.1.3}{No revision should be scheduled outside user-definable working hours}{section.5.1}% 33
\BOOKMARK [2][-]{subsection.5.1.4}{Unit testing summary}{section.5.1}% 34
\BOOKMARK [1][-]{section.5.2}{Evaluate usability of application}{chapter.5}% 35
\BOOKMARK [2][-]{subsection.5.2.1}{Preliminary usability testing}{section.5.2}% 36
\BOOKMARK [2][-]{subsection.5.2.2}{Feedback from final version}{section.5.2}% 37
\BOOKMARK [1][-]{section.5.3}{Portability and accessibility}{chapter.5}% 38
\BOOKMARK [2][-]{subsection.5.3.1}{Mobile performance and responsive design}{section.5.3}% 39
\BOOKMARK [1][-]{section.5.4}{Performance in production environment}{chapter.5}% 40
\BOOKMARK [0][-]{chapter.6}{Further work}{}% 41
\BOOKMARK [1][-]{section.6.1}{Integration with existing organisation tools}{chapter.6}% 42
\BOOKMARK [0][-]{chapter.7}{Conclusion}{}% 43
